app/build/intermediates/manifest_merge_blame_file/release/processReleaseMainManifest/manifest-merger-blame-release-report.txt
1<?xml version="1.0" encoding="utf-8"?>
2<manifest xmlns:android="http://schemas.android.com/apk/res/android"
3    package="com.satrasia"
4    android:versionCode="1"
5    android:versionName="1.0" >
6
7    <uses-sdk
8        android:minSdkVersion="27"
9        android:targetSdkVersion="34" />
10
11    <!-- DEFINISIKAN PERIZINAN USER -->
12    <uses-permission android:name="android.permission.INTERNET" /> <!-- PERIZINAN UNTUK MENGAKSES INTERNET -->
12-->src\main\AndroidManifest.xml:6:5-67
12-->src\main\AndroidManifest.xml:6:22-64
13    <uses-permission android:name="android.permission.POST_NOTIFICATIONS" /> <!-- PERIZINAN PUSH NOTIFIKASI (JIKA WAKTU AKTIVITAS TELAH PADA WAKTUNYA -->
13-->src\main\AndroidManifest.xml:7:5-77
13-->src\main\AndroidManifest.xml:7:22-74
14    <uses-permission android:name="com.android.alarm.permission.SET_ALARM" /> <!-- PERIZINAN UNTUK SET ALARM -->
14-->src\main\AndroidManifest.xml:8:5-78
14-->src\main\AndroidManifest.xml:8:22-75
15    <uses-permission android:name="android.permission.SCHEDULE_EXACT_ALARM" />
15-->src\main\AndroidManifest.xml:9:5-79
15-->src\main\AndroidManifest.xml:9:22-76
16    <uses-permission android:name="android.permission.ACCESS_NETWORK_STATE" />
16-->[com.google.firebase:firebase-auth:22.3.1] AndroidManifest.xml:26:5-79
16-->[com.google.firebase:firebase-auth:22.3.1] AndroidManifest.xml:26:22-76
17
18    <uses-feature
18-->[com.google.android.gms:play-services-maps:18.2.0] AndroidManifest.xml:26:5-28:35
19        android:glEsVersion="0x00020000"
19-->[com.google.android.gms:play-services-maps:18.2.0] AndroidManifest.xml:27:9-41
20        android:required="true" />
20-->[com.google.android.gms:play-services-maps:18.2.0] AndroidManifest.xml:28:9-32
21
22    <queries>
22-->[com.google.android.gms:play-services-maps:18.2.0] AndroidManifest.xml:30:5-34:15
23
24        <!-- Needs to be explicitly declared on Android R+ -->
25        <package android:name="com.google.android.apps.maps" />
25-->[com.google.android.gms:play-services-maps:18.2.0] AndroidManifest.xml:33:9-64
25-->[com.google.android.gms:play-services-maps:18.2.0] AndroidManifest.xml:33:18-61
26    </queries>
27
28    <uses-permission android:name="com.google.android.providers.gsf.permission.READ_GSERVICES" />
28-->[com.google.android.recaptcha:recaptcha:18.4.0] AndroidManifest.xml:9:5-98
28-->[com.google.android.recaptcha:recaptcha:18.4.0] AndroidManifest.xml:9:22-95
29
30    <permission
30-->[androidx.core:core:1.12.0] AndroidManifest.xml:22:5-24:47
31        android:name="com.satrasia.DYNAMIC_RECEIVER_NOT_EXPORTED_PERMISSION"
31-->[androidx.core:core:1.12.0] AndroidManifest.xml:23:9-81
32        android:protectionLevel="signature" />
32-->[androidx.core:core:1.12.0] AndroidManifest.xml:24:9-44
33
34    <uses-permission android:name="com.satrasia.DYNAMIC_RECEIVER_NOT_EXPORTED_PERMISSION" /> <!-- PERIZINAN ALRAM UNUTK PENJADWALAN -->
34-->[androidx.core:core:1.12.0] AndroidManifest.xml:26:5-97
34-->[androidx.core:core:1.12.0] AndroidManifest.xml:26:22-94
35    <!-- NAMA, ICON, TEMA APLIKASI -->
36    <application
36-->src\main\AndroidManifest.xml:12:5-98:19
37        android:name="com.satrasia.Reminder.ToDoApplication"
37-->src\main\AndroidManifest.xml:13:9-49
38        android:allowBackup="true"
38-->src\main\AndroidManifest.xml:14:9-35
39        android:appComponentFactory="androidx.core.app.CoreComponentFactory"
39-->[androidx.core:core:1.12.0] AndroidManifest.xml:28:18-86
40        android:dataExtractionRules="@xml/data_extraction_rules"
40-->src\main\AndroidManifest.xml:15:9-65
41        android:extractNativeLibs="false"
42        android:fullBackupContent="@xml/backup_rules"
42-->src\main\AndroidManifest.xml:16:9-54
43        android:icon="@drawable/img_logo"
43-->src\main\AndroidManifest.xml:17:9-42
44        android:label="@string/app_name"
44-->src\main\AndroidManifest.xml:18:9-41
45        android:roundIcon="@drawable/img_logo"
45-->src\main\AndroidManifest.xml:19:9-47
46        android:supportsRtl="true"
46-->src\main\AndroidManifest.xml:20:9-35
47        android:theme="@style/Theme.App.SplashScreen" >
47-->src\main\AndroidManifest.xml:21:9-54
48
49        <!-- AKSES GOOGLE MAPS MENGGUNAKAN API KEY GMAPS -->
50        <meta-data
51            android:name="com.google.android.geo.API_KEY"
51-->src\main\AndroidManifest.xml:26:13-58
52            android:value="AIzaSyA376jZlzHGMaUkRlGo67HwHo-4pVWRMfA" />
52-->src\main\AndroidManifest.xml:27:13-44
53
54        <receiver android:name="com.satrasia.AlarmReceiver" /> <!-- ALARM RECEIVER SEBAGAI PENERIMA DATA ALARM -->
54-->src\main\AndroidManifest.xml:29:9-51
54-->src\main\AndroidManifest.xml:29:19-48
55
56
57        <!-- RENDER HALAMAN UTAMA (HALAMAN WELCOME) -->
58        <activity
58-->src\main\AndroidManifest.xml:32:9-42:20
59            android:name="com.satrasia.Welcome"
59-->src\main\AndroidManifest.xml:33:13-36
60            android:exported="true"
60-->src\main\AndroidManifest.xml:34:13-36
61            android:label="SATRASIA"
61-->src\main\AndroidManifest.xml:35:13-37
62            android:theme="@style/Theme.App.SplashScreen" > <!-- TEMA SPLASHSCREEN UNTUK MENAMPILKAN SPLASH SCREEN DIAWAL -->
62-->src\main\AndroidManifest.xml:36:13-58
63            <intent-filter>
63-->src\main\AndroidManifest.xml:37:13-41:29
64                <action android:name="android.intent.action.MAIN" /> <!-- DEFINISI BAHWA HALAMAN UTAMA YANG DITAMPIKAN -->
64-->src\main\AndroidManifest.xml:38:17-69
64-->src\main\AndroidManifest.xml:38:25-66
65
66                <category android:name="android.intent.category.LAUNCHER" />
66-->src\main\AndroidManifest.xml:40:17-77
66-->src\main\AndroidManifest.xml:40:27-74
67            </intent-filter>
68        </activity>
69
70        <!-- RENDER HALAMAN MAIN (USER MEMILIH LOGIN ATAU REGISTER) -->
71        <activity
71-->src\main\AndroidManifest.xml:45:9-48:72
72            android:name="com.satrasia.Main"
72-->src\main\AndroidManifest.xml:46:13-33
73            android:exported="true"
73-->src\main\AndroidManifest.xml:47:13-36
74            android:theme="@style/Theme.AppCompat.Light.NoActionBar" />
74-->src\main\AndroidManifest.xml:48:13-69
75
76        <!-- RENDER HALAMAN REGISTER -->
77        <activity
77-->src\main\AndroidManifest.xml:51:9-54:72
78            android:name="com.satrasia.Register"
78-->src\main\AndroidManifest.xml:52:13-37
79            android:exported="true"
79-->src\main\AndroidManifest.xml:53:13-36
80            android:theme="@style/Theme.AppCompat.Light.NoActionBar" />
80-->src\main\AndroidManifest.xml:54:13-69
81
82        <!-- RENDER HALAMAN LOGIN -->
83        <activity
83-->src\main\AndroidManifest.xml:57:9-60:72
84            android:name="com.satrasia.Login"
84-->src\main\AndroidManifest.xml:58:13-34
85            android:exported="true"
85-->src\main\AndroidManifest.xml:59:13-36
86            android:theme="@style/Theme.AppCompat.Light.NoActionBar" />
86-->src\main\AndroidManifest.xml:60:13-69
87
88        <!-- RENDER HALAMAN RESET PASSWORD -->
89        <activity
89-->src\main\AndroidManifest.xml:63:9-66:72
90            android:name="com.satrasia.ForgotPassword"
90-->src\main\AndroidManifest.xml:64:13-43
91            android:exported="true"
91-->src\main\AndroidManifest.xml:65:13-36
92            android:theme="@style/Theme.AppCompat.Light.NoActionBar" />
92-->src\main\AndroidManifest.xml:66:13-69
93
94        <!-- RENDER HALAMAN HOME (MENAMPILKAN MAPS DAN RUTINITAS) -->
95        <activity
95-->src\main\AndroidManifest.xml:69:9-73:81
96            android:name="com.satrasia.Home"
96-->src\main\AndroidManifest.xml:70:13-33
97            android:exported="true"
97-->src\main\AndroidManifest.xml:71:13-36
98            android:label="@string/title_activity_home"
98-->src\main\AndroidManifest.xml:72:13-56
99            android:theme="@style/Theme.MaterialComponents.Light.NoActionBar" />
99-->src\main\AndroidManifest.xml:73:13-78
100
101        <!-- RENDER HALAMAN SETTING -->
102        <activity
102-->src\main\AndroidManifest.xml:76:9-79:81
103            android:name="com.satrasia.Setting"
103-->src\main\AndroidManifest.xml:77:13-36
104            android:exported="true"
104-->src\main\AndroidManifest.xml:78:13-36
105            android:theme="@style/Theme.MaterialComponents.Light.NoActionBar" />
105-->src\main\AndroidManifest.xml:79:13-78
106
107        <!-- RENDER HALAMAN KONTAK DARURAT -->
108        <activity
108-->src\main\AndroidManifest.xml:82:9-85:81
109            android:name="com.satrasia.EmergencyContact"
109-->src\main\AndroidManifest.xml:83:13-45
110            android:exported="true"
110-->src\main\AndroidManifest.xml:84:13-36
111            android:theme="@style/Theme.MaterialComponents.Light.NoActionBar" />
111-->src\main\AndroidManifest.xml:85:13-78
112
113        <!-- RENDER HALAMAN MANAJEMEN AKUN (MENGUBAH NAMA, EMAIL, PASSWORD ATAU NOMOR TELEPON) -->
114        <activity
114-->src\main\AndroidManifest.xml:88:9-91:72
115            android:name="com.satrasia.AccountManager"
115-->src\main\AndroidManifest.xml:89:13-43
116            android:exported="true"
116-->src\main\AndroidManifest.xml:90:13-36
117            android:theme="@style/Theme.AppCompat.Light.NoActionBar" />
117-->src\main\AndroidManifest.xml:91:13-69
118
119        <!-- RENDER HALAMAN TENTANG APLIKASI -->
120        <activity
120-->src\main\AndroidManifest.xml:94:9-97:72
121            android:name="com.satrasia.AboutApps"
121-->src\main\AndroidManifest.xml:95:13-38
122            android:exported="true"
122-->src\main\AndroidManifest.xml:96:13-36
123            android:theme="@style/Theme.AppCompat.Light.NoActionBar" />
123-->src\main\AndroidManifest.xml:97:13-69
124
125        <service
125-->[com.google.firebase:firebase-auth-ktx:22.3.1] AndroidManifest.xml:8:9-14:19
126            android:name="com.google.firebase.components.ComponentDiscoveryService"
126-->[com.google.firebase:firebase-auth-ktx:22.3.1] AndroidManifest.xml:9:13-84
127            android:directBootAware="true"
127-->[com.google.firebase:firebase-common:20.4.2] AndroidManifest.xml:32:13-43
128            android:exported="false" >
128-->[com.google.firebase:firebase-auth-ktx:22.3.1] AndroidManifest.xml:10:13-37
129            <meta-data
129-->[com.google.firebase:firebase-auth-ktx:22.3.1] AndroidManifest.xml:11:13-13:85
130                android:name="com.google.firebase.components:com.google.firebase.auth.ktx.FirebaseAuthLegacyRegistrar"
130-->[com.google.firebase:firebase-auth-ktx:22.3.1] AndroidManifest.xml:12:17-119
131                android:value="com.google.firebase.components.ComponentRegistrar" />
131-->[com.google.firebase:firebase-auth-ktx:22.3.1] AndroidManifest.xml:13:17-82
132            <meta-data
132-->[com.google.firebase:firebase-auth:22.3.1] AndroidManifest.xml:69:13-71:85
133                android:name="com.google.firebase.components:com.google.firebase.auth.FirebaseAuthRegistrar"
133-->[com.google.firebase:firebase-auth:22.3.1] AndroidManifest.xml:70:17-109
134                android:value="com.google.firebase.components.ComponentRegistrar" />
134-->[com.google.firebase:firebase-auth:22.3.1] AndroidManifest.xml:71:17-82
135            <meta-data
135-->[com.google.firebase:firebase-database:20.3.1] AndroidManifest.xml:29:13-31:85
136                android:name="com.google.firebase.components:com.google.firebase.database.FirebaseDatabaseKtxRegistrar"
136-->[com.google.firebase:firebase-database:20.3.1] AndroidManifest.xml:30:17-120
137                android:value="com.google.firebase.components.ComponentRegistrar" />
137-->[com.google.firebase:firebase-database:20.3.1] AndroidManifest.xml:31:17-82
138            <meta-data
138-->[com.google.firebase:firebase-database:20.3.1] AndroidManifest.xml:32:13-34:85
139                android:name="com.google.firebase.components:com.google.firebase.database.DatabaseRegistrar"
139-->[com.google.firebase:firebase-database:20.3.1] AndroidManifest.xml:33:17-109
140                android:value="com.google.firebase.components.ComponentRegistrar" />
140-->[com.google.firebase:firebase-database:20.3.1] AndroidManifest.xml:34:17-82
141            <meta-data
141-->[com.google.firebase:firebase-firestore:24.11.1] AndroidManifest.xml:17:13-19:85
142                android:name="com.google.firebase.components:com.google.firebase.firestore.FirebaseFirestoreKtxRegistrar"
142-->[com.google.firebase:firebase-firestore:24.11.1] AndroidManifest.xml:18:17-122
143                android:value="com.google.firebase.components.ComponentRegistrar" />
143-->[com.google.firebase:firebase-firestore:24.11.1] AndroidManifest.xml:19:17-82
144            <meta-data
144-->[com.google.firebase:firebase-firestore:24.11.1] AndroidManifest.xml:20:13-22:85
145                android:name="com.google.firebase.components:com.google.firebase.firestore.FirestoreRegistrar"
145-->[com.google.firebase:firebase-firestore:24.11.1] AndroidManifest.xml:21:17-111
146                android:value="com.google.firebase.components.ComponentRegistrar" />
146-->[com.google.firebase:firebase-firestore:24.11.1] AndroidManifest.xml:22:17-82
147            <meta-data
147-->[com.google.firebase:firebase-common-ktx:20.4.2] AndroidManifest.xml:12:13-14:85
148                android:name="com.google.firebase.components:com.google.firebase.ktx.FirebaseCommonLegacyRegistrar"
148-->[com.google.firebase:firebase-common-ktx:20.4.2] AndroidManifest.xml:13:17-116
149                android:value="com.google.firebase.components.ComponentRegistrar" />
149-->[com.google.firebase:firebase-common-ktx:20.4.2] AndroidManifest.xml:14:17-82
150            <meta-data
150-->[com.google.firebase:firebase-common:20.4.2] AndroidManifest.xml:35:13-37:85
151                android:name="com.google.firebase.components:com.google.firebase.FirebaseCommonKtxRegistrar"
151-->[com.google.firebase:firebase-common:20.4.2] AndroidManifest.xml:36:17-109
152                android:value="com.google.firebase.components.ComponentRegistrar" />
152-->[com.google.firebase:firebase-common:20.4.2] AndroidManifest.xml:37:17-82
153        </service>
154
155        <activity
155-->[com.google.firebase:firebase-auth:22.3.1] AndroidManifest.xml:29:9-46:20
156            android:name="com.google.firebase.auth.internal.GenericIdpActivity"
156-->[com.google.firebase:firebase-auth:22.3.1] AndroidManifest.xml:30:13-80
157            android:excludeFromRecents="true"
157-->[com.google.firebase:firebase-auth:22.3.1] AndroidManifest.xml:31:13-46
158            android:exported="true"
158-->[com.google.firebase:firebase-auth:22.3.1] AndroidManifest.xml:32:13-36
159            android:launchMode="singleTask"
159-->[com.google.firebase:firebase-auth:22.3.1] AndroidManifest.xml:33:13-44
160            android:theme="@android:style/Theme.Translucent.NoTitleBar" >
160-->[com.google.firebase:firebase-auth:22.3.1] AndroidManifest.xml:34:13-72
161            <intent-filter>
161-->[com.google.firebase:firebase-auth:22.3.1] AndroidManifest.xml:35:13-45:29
162                <action android:name="android.intent.action.VIEW" />
162-->[com.google.firebase:firebase-auth:22.3.1] AndroidManifest.xml:36:17-69
162-->[com.google.firebase:firebase-auth:22.3.1] AndroidManifest.xml:36:25-66
163
164                <category android:name="android.intent.category.DEFAULT" />
164-->[com.google.firebase:firebase-auth:22.3.1] AndroidManifest.xml:38:17-76
164-->[com.google.firebase:firebase-auth:22.3.1] AndroidManifest.xml:38:27-73
165                <category android:name="android.intent.category.BROWSABLE" />
165-->[com.google.firebase:firebase-auth:22.3.1] AndroidManifest.xml:39:17-78
165-->[com.google.firebase:firebase-auth:22.3.1] AndroidManifest.xml:39:27-75
166
167                <data
167-->[com.google.firebase:firebase-auth:22.3.1] AndroidManifest.xml:41:17-44:51
168                    android:host="firebase.auth"
168-->[com.google.firebase:firebase-auth:22.3.1] AndroidManifest.xml:42:21-49
169                    android:path="/"
169-->[com.google.firebase:firebase-auth:22.3.1] AndroidManifest.xml:43:21-37
170                    android:scheme="genericidp" />
170-->[com.google.firebase:firebase-auth:22.3.1] AndroidManifest.xml:44:21-48
171            </intent-filter>
172        </activity>
173        <activity
173-->[com.google.firebase:firebase-auth:22.3.1] AndroidManifest.xml:47:9-64:20
174            android:name="com.google.firebase.auth.internal.RecaptchaActivity"
174-->[com.google.firebase:firebase-auth:22.3.1] AndroidManifest.xml:48:13-79
175            android:excludeFromRecents="true"
175-->[com.google.firebase:firebase-auth:22.3.1] AndroidManifest.xml:49:13-46
176            android:exported="true"
176-->[com.google.firebase:firebase-auth:22.3.1] AndroidManifest.xml:50:13-36
177            android:launchMode="singleTask"
177-->[com.google.firebase:firebase-auth:22.3.1] AndroidManifest.xml:51:13-44
178            android:theme="@android:style/Theme.Translucent.NoTitleBar" >
178-->[com.google.firebase:firebase-auth:22.3.1] AndroidManifest.xml:52:13-72
179            <intent-filter>
179-->[com.google.firebase:firebase-auth:22.3.1] AndroidManifest.xml:53:13-63:29
180                <action android:name="android.intent.action.VIEW" />
180-->[com.google.firebase:firebase-auth:22.3.1] AndroidManifest.xml:36:17-69
180-->[com.google.firebase:firebase-auth:22.3.1] AndroidManifest.xml:36:25-66
181
182                <category android:name="android.intent.category.DEFAULT" />
182-->[com.google.firebase:firebase-auth:22.3.1] AndroidManifest.xml:38:17-76
182-->[com.google.firebase:firebase-auth:22.3.1] AndroidManifest.xml:38:27-73
183                <category android:name="android.intent.category.BROWSABLE" />
183-->[com.google.firebase:firebase-auth:22.3.1] AndroidManifest.xml:39:17-78
183-->[com.google.firebase:firebase-auth:22.3.1] AndroidManifest.xml:39:27-75
184
185                <data
185-->[com.google.firebase:firebase-auth:22.3.1] AndroidManifest.xml:41:17-44:51
186                    android:host="firebase.auth"
186-->[com.google.firebase:firebase-auth:22.3.1] AndroidManifest.xml:42:21-49
187                    android:path="/"
187-->[com.google.firebase:firebase-auth:22.3.1] AndroidManifest.xml:43:21-37
188                    android:scheme="recaptcha" />
188-->[com.google.firebase:firebase-auth:22.3.1] AndroidManifest.xml:44:21-48
189            </intent-filter>
190        </activity> <!-- Needs to be explicitly declared on P+ -->
191        <uses-library
191-->[com.google.android.gms:play-services-maps:18.2.0] AndroidManifest.xml:39:9-41:40
192            android:name="org.apache.http.legacy"
192-->[com.google.android.gms:play-services-maps:18.2.0] AndroidManifest.xml:40:13-50
193            android:required="false" />
193-->[com.google.android.gms:play-services-maps:18.2.0] AndroidManifest.xml:41:13-37
194
195        <activity
195-->[com.google.android.gms:play-services-base:18.1.0] AndroidManifest.xml:20:9-22:45
196            android:name="com.google.android.gms.common.api.GoogleApiActivity"
196-->[com.google.android.gms:play-services-base:18.1.0] AndroidManifest.xml:20:19-85
197            android:exported="false"
197-->[com.google.android.gms:play-services-base:18.1.0] AndroidManifest.xml:22:19-43
198            android:theme="@android:style/Theme.Translucent.NoTitleBar" />
198-->[com.google.android.gms:play-services-base:18.1.0] AndroidManifest.xml:21:19-78
199
200        <provider
200-->[com.google.firebase:firebase-common:20.4.2] AndroidManifest.xml:23:9-28:39
201            android:name="com.google.firebase.provider.FirebaseInitProvider"
201-->[com.google.firebase:firebase-common:20.4.2] AndroidManifest.xml:24:13-77
202            android:authorities="com.satrasia.firebaseinitprovider"
202-->[com.google.firebase:firebase-common:20.4.2] AndroidManifest.xml:25:13-72
203            android:directBootAware="true"
203-->[com.google.firebase:firebase-common:20.4.2] AndroidManifest.xml:26:13-43
204            android:exported="false"
204-->[com.google.firebase:firebase-common:20.4.2] AndroidManifest.xml:27:13-37
205            android:initOrder="100" />
205-->[com.google.firebase:firebase-common:20.4.2] AndroidManifest.xml:28:13-36
206        <provider
206-->[androidx.emoji2:emoji2:1.4.0] AndroidManifest.xml:24:9-32:20
207            android:name="androidx.startup.InitializationProvider"
207-->[androidx.emoji2:emoji2:1.4.0] AndroidManifest.xml:25:13-67
208            android:authorities="com.satrasia.androidx-startup"
208-->[androidx.emoji2:emoji2:1.4.0] AndroidManifest.xml:26:13-68
209            android:exported="false" >
209-->[androidx.emoji2:emoji2:1.4.0] AndroidManifest.xml:27:13-37
210            <meta-data
210-->[androidx.emoji2:emoji2:1.4.0] AndroidManifest.xml:29:13-31:52
211                android:name="androidx.emoji2.text.EmojiCompatInitializer"
211-->[androidx.emoji2:emoji2:1.4.0] AndroidManifest.xml:30:17-75
212                android:value="androidx.startup" />
212-->[androidx.emoji2:emoji2:1.4.0] AndroidManifest.xml:31:17-49
213            <meta-data
213-->[androidx.lifecycle:lifecycle-process:2.7.0] AndroidManifest.xml:29:13-31:52
214                android:name="androidx.lifecycle.ProcessLifecycleInitializer"
214-->[androidx.lifecycle:lifecycle-process:2.7.0] AndroidManifest.xml:30:17-78
215                android:value="androidx.startup" />
215-->[androidx.lifecycle:lifecycle-process:2.7.0] AndroidManifest.xml:31:17-49
216            <meta-data
216-->[androidx.profileinstaller:profileinstaller:1.3.0] AndroidManifest.xml:29:13-31:52
217                android:name="androidx.profileinstaller.ProfileInstallerInitializer"
217-->[androidx.profileinstaller:profileinstaller:1.3.0] AndroidManifest.xml:30:17-85
218                android:value="androidx.startup" />
218-->[androidx.profileinstaller:profileinstaller:1.3.0] AndroidManifest.xml:31:17-49
219        </provider>
220
221        <receiver
221-->[androidx.profileinstaller:profileinstaller:1.3.0] AndroidManifest.xml:34:9-52:20
222            android:name="androidx.profileinstaller.ProfileInstallReceiver"
222-->[androidx.profileinstaller:profileinstaller:1.3.0] AndroidManifest.xml:35:13-76
223            android:directBootAware="false"
223-->[androidx.profileinstaller:profileinstaller:1.3.0] AndroidManifest.xml:36:13-44
224            android:enabled="true"
224-->[androidx.profileinstaller:profileinstaller:1.3.0] AndroidManifest.xml:37:13-35
225            android:exported="true"
225-->[androidx.profileinstaller:profileinstaller:1.3.0] AndroidManifest.xml:38:13-36
226            android:permission="android.permission.DUMP" >
226-->[androidx.profileinstaller:profileinstaller:1.3.0] AndroidManifest.xml:39:13-57
227            <intent-filter>
227-->[androidx.profileinstaller:profileinstaller:1.3.0] AndroidManifest.xml:40:13-42:29
228                <action android:name="androidx.profileinstaller.action.INSTALL_PROFILE" />
228-->[androidx.profileinstaller:profileinstaller:1.3.0] AndroidManifest.xml:41:17-91
228-->[androidx.profileinstaller:profileinstaller:1.3.0] AndroidManifest.xml:41:25-88
229            </intent-filter>
230            <intent-filter>
230-->[androidx.profileinstaller:profileinstaller:1.3.0] AndroidManifest.xml:43:13-45:29
231                <action android:name="androidx.profileinstaller.action.SKIP_FILE" />
231-->[androidx.profileinstaller:profileinstaller:1.3.0] AndroidManifest.xml:44:17-85
231-->[androidx.profileinstaller:profileinstaller:1.3.0] AndroidManifest.xml:44:25-82
232            </intent-filter>
233            <intent-filter>
233-->[androidx.profileinstaller:profileinstaller:1.3.0] AndroidManifest.xml:46:13-48:29
234                <action android:name="androidx.profileinstaller.action.SAVE_PROFILE" />
234-->[androidx.profileinstaller:profileinstaller:1.3.0] AndroidManifest.xml:47:17-88
234-->[androidx.profileinstaller:profileinstaller:1.3.0] AndroidManifest.xml:47:25-85
235            </intent-filter>
236            <intent-filter>
236-->[androidx.profileinstaller:profileinstaller:1.3.0] AndroidManifest.xml:49:13-51:29
237                <action android:name="androidx.profileinstaller.action.BENCHMARK_OPERATION" />
237-->[androidx.profileinstaller:profileinstaller:1.3.0] AndroidManifest.xml:50:17-95
237-->[androidx.profileinstaller:profileinstaller:1.3.0] AndroidManifest.xml:50:25-92
238            </intent-filter>
239        </receiver>
240
241        <meta-data
241-->[com.google.android.gms:play-services-basement:18.3.0] AndroidManifest.xml:21:9-23:69
242            android:name="com.google.android.gms.version"
242-->[com.google.android.gms:play-services-basement:18.3.0] AndroidManifest.xml:22:13-58
243            android:value="@integer/google_play_services_version" />
243-->[com.google.android.gms:play-services-basement:18.3.0] AndroidManifest.xml:23:13-66
244
245        <uses-library
245-->[androidx.window:window:1.0.0] AndroidManifest.xml:25:9-27:40
246            android:name="androidx.window.extensions"
246-->[androidx.window:window:1.0.0] AndroidManifest.xml:26:13-54
247            android:required="false" />
247-->[androidx.window:window:1.0.0] AndroidManifest.xml:27:13-37
248        <uses-library
248-->[androidx.window:window:1.0.0] AndroidManifest.xml:28:9-30:40
249            android:name="androidx.window.sidecar"
249-->[androidx.window:window:1.0.0] AndroidManifest.xml:29:13-51
250            android:required="false" />
250-->[androidx.window:window:1.0.0] AndroidManifest.xml:30:13-37
251
252        <service
252-->[androidx.room:room-runtime:2.4.3] AndroidManifest.xml:25:9-28:40
253            android:name="androidx.room.MultiInstanceInvalidationService"
253-->[androidx.room:room-runtime:2.4.3] AndroidManifest.xml:26:13-74
254            android:directBootAware="true"
254-->[androidx.room:room-runtime:2.4.3] AndroidManifest.xml:27:13-43
255            android:exported="false" />
255-->[androidx.room:room-runtime:2.4.3] AndroidManifest.xml:28:13-37
256    </application>
257
258</manifest>